Analysis & Synthesis report for dynamic_arbiter_demo
Wed Apr 07 20:08:41 2021
Quartus Prime Version 20.1.1 Build 720 11/11/2020 SJ Lite Edition


---------------------
; Table of Contents ;
---------------------
  1. Legal Notice
  2. Analysis & Synthesis Summary
  3. Analysis & Synthesis Settings
  4. Parallel Compilation
  5. Analysis & Synthesis Source Files Read
  6. Analysis & Synthesis Resource Usage Summary
  7. Analysis & Synthesis Resource Utilization by Entity
  8. General Register Statistics
  9. Multiplexer Restructuring Statistics (Restructuring Performed)
 10. Parameter Settings for User Entity Instance: slow_arbiter:sa
 11. Parameter Settings for User Entity Instance: slow_arbiter:sa|dynamic_priority_arbiter_rra:dpar
 12. Parameter Settings for User Entity Instance: slow_arbiter:sa|dynamic_priority_arbiter_rra:dpar|rra:RRA
 13. Port Connectivity Checks: "slow_arbiter:sa"
 14. Port Connectivity Checks: "display:d"
 15. Post-Synthesis Netlist Statistics for Top Partition
 16. Elapsed Time Per Partition
 17. Analysis & Synthesis Messages
 18. Analysis & Synthesis Suppressed Messages



----------------
; Legal Notice ;
----------------
Copyright (C) 2020  Intel Corporation. All rights reserved.
Your use of Intel Corporation's design tools, logic functions 
and other software and tools, and any partner logic 
functions, and any output files from any of the foregoing 
(including device programming or simulation files), and any 
associated documentation or information are expressly subject 
to the terms and conditions of the Intel Program License 
Subscription Agreement, the Intel Quartus Prime License Agreement,
the Intel FPGA IP License Agreement, or other applicable license
agreement, including, without limitation, that your use is for
the sole purpose of programming logic devices manufactured by
Intel and sold by Intel or its authorized distributors.  Please
refer to the applicable agreement for further details, at
https://fpgasoftware.intel.com/eula.



+----------------------------------------------------------------------------------+
; Analysis & Synthesis Summary                                                     ;
+------------------------------------+---------------------------------------------+
; Analysis & Synthesis Status        ; Successful - Wed Apr 07 20:08:41 2021       ;
; Quartus Prime Version              ; 20.1.1 Build 720 11/11/2020 SJ Lite Edition ;
; Revision Name                      ; dynamic_arbiter_demo                        ;
; Top-level Entity Name              ; dynamic_arbiter_demo                        ;
; Family                             ; Cyclone IV E                                ;
; Total logic elements               ; 112                                         ;
;     Total combinational functions  ; 112                                         ;
;     Dedicated logic registers      ; 53                                          ;
; Total registers                    ; 53                                          ;
; Total pins                         ; 26                                          ;
; Total virtual pins                 ; 0                                           ;
; Total memory bits                  ; 0                                           ;
; Embedded Multiplier 9-bit elements ; 0                                           ;
; Total PLLs                         ; 0                                           ;
+------------------------------------+---------------------------------------------+


+----------------------------------------------------------------------------------------------------------------+
; Analysis & Synthesis Settings                                                                                  ;
+------------------------------------------------------------------+----------------------+----------------------+
; Option                                                           ; Setting              ; Default Value        ;
+------------------------------------------------------------------+----------------------+----------------------+
; Device                                                           ; EP4CE10E22C8         ;                      ;
; Top-level entity name                                            ; dynamic_arbiter_demo ; dynamic_arbiter_demo ;
; Family name                                                      ; Cyclone IV E         ; Cyclone V            ;
; Use smart compilation                                            ; Off                  ; Off                  ;
; Enable parallel Assembler and Timing Analyzer during compilation ; On                   ; On                   ;
; Enable compact report table                                      ; Off                  ; Off                  ;
; Restructure Multiplexers                                         ; Auto                 ; Auto                 ;
; Create Debugging Nodes for IP Cores                              ; Off                  ; Off                  ;
; Preserve fewer node names                                        ; On                   ; On                   ;
; Intel FPGA IP Evaluation Mode                                    ; Enable               ; Enable               ;
; Verilog Version                                                  ; Verilog_2001         ; Verilog_2001         ;
; VHDL Version                                                     ; VHDL_1993            ; VHDL_1993            ;
; State Machine Processing                                         ; Auto                 ; Auto                 ;
; Safe State Machine                                               ; Off                  ; Off                  ;
; Extract Verilog State Machines                                   ; On                   ; On                   ;
; Extract VHDL State Machines                                      ; On                   ; On                   ;
; Ignore Verilog initial constructs                                ; Off                  ; Off                  ;
; Iteration limit for constant Verilog loops                       ; 5000                 ; 5000                 ;
; Iteration limit for non-constant Verilog loops                   ; 250                  ; 250                  ;
; Add Pass-Through Logic to Inferred RAMs                          ; On                   ; On                   ;
; Infer RAMs from Raw Logic                                        ; On                   ; On                   ;
; Parallel Synthesis                                               ; On                   ; On                   ;
; DSP Block Balancing                                              ; Auto                 ; Auto                 ;
; NOT Gate Push-Back                                               ; On                   ; On                   ;
; Power-Up Don't Care                                              ; On                   ; On                   ;
; Remove Redundant Logic Cells                                     ; Off                  ; Off                  ;
; Remove Duplicate Registers                                       ; On                   ; On                   ;
; Ignore CARRY Buffers                                             ; Off                  ; Off                  ;
; Ignore CASCADE Buffers                                           ; Off                  ; Off                  ;
; Ignore GLOBAL Buffers                                            ; Off                  ; Off                  ;
; Ignore ROW GLOBAL Buffers                                        ; Off                  ; Off                  ;
; Ignore LCELL Buffers                                             ; Off                  ; Off                  ;
; Ignore SOFT Buffers                                              ; On                   ; On                   ;
; Limit AHDL Integers to 32 Bits                                   ; Off                  ; Off                  ;
; Optimization Technique                                           ; Balanced             ; Balanced             ;
; Carry Chain Length                                               ; 70                   ; 70                   ;
; Auto Carry Chains                                                ; On                   ; On                   ;
; Auto Open-Drain Pins                                             ; On                   ; On                   ;
; Perform WYSIWYG Primitive Resynthesis                            ; Off                  ; Off                  ;
; Auto ROM Replacement                                             ; On                   ; On                   ;
; Auto RAM Replacement                                             ; On                   ; On                   ;
; Auto DSP Block Replacement                                       ; On                   ; On                   ;
; Auto Shift Register Replacement                                  ; Auto                 ; Auto                 ;
; Allow Shift Register Merging across Hierarchies                  ; Auto                 ; Auto                 ;
; Auto Clock Enable Replacement                                    ; On                   ; On                   ;
; Strict RAM Replacement                                           ; Off                  ; Off                  ;
; Allow Synchronous Control Signals                                ; On                   ; On                   ;
; Force Use of Synchronous Clear Signals                           ; Off                  ; Off                  ;
; Auto RAM Block Balancing                                         ; On                   ; On                   ;
; Auto RAM to Logic Cell Conversion                                ; Off                  ; Off                  ;
; Auto Resource Sharing                                            ; Off                  ; Off                  ;
; Allow Any RAM Size For Recognition                               ; Off                  ; Off                  ;
; Allow Any ROM Size For Recognition                               ; Off                  ; Off                  ;
; Allow Any Shift Register Size For Recognition                    ; Off                  ; Off                  ;
; Use LogicLock Constraints during Resource Balancing              ; On                   ; On                   ;
; Ignore translate_off and synthesis_off directives                ; Off                  ; Off                  ;
; Timing-Driven Synthesis                                          ; On                   ; On                   ;
; Report Parameter Settings                                        ; On                   ; On                   ;
; Report Source Assignments                                        ; On                   ; On                   ;
; Report Connectivity Checks                                       ; On                   ; On                   ;
; Ignore Maximum Fan-Out Assignments                               ; Off                  ; Off                  ;
; Synchronization Register Chain Length                            ; 2                    ; 2                    ;
; Power Optimization During Synthesis                              ; Normal compilation   ; Normal compilation   ;
; HDL message level                                                ; Level2               ; Level2               ;
; Suppress Register Optimization Related Messages                  ; Off                  ; Off                  ;
; Number of Removed Registers Reported in Synthesis Report         ; 5000                 ; 5000                 ;
; Number of Swept Nodes Reported in Synthesis Report               ; 5000                 ; 5000                 ;
; Number of Inverted Registers Reported in Synthesis Report        ; 100                  ; 100                  ;
; Clock MUX Protection                                             ; On                   ; On                   ;
; Auto Gated Clock Conversion                                      ; Off                  ; Off                  ;
; Block Design Naming                                              ; Auto                 ; Auto                 ;
; SDC constraint protection                                        ; Off                  ; Off                  ;
; Synthesis Effort                                                 ; Auto                 ; Auto                 ;
; Shift Register Replacement - Allow Asynchronous Clear Signal     ; On                   ; On                   ;
; Pre-Mapping Resynthesis Optimization                             ; Off                  ; Off                  ;
; Analysis & Synthesis Message Level                               ; Medium               ; Medium               ;
; Disable Register Merging Across Hierarchies                      ; Auto                 ; Auto                 ;
; Resource Aware Inference For Block RAM                           ; On                   ; On                   ;
+------------------------------------------------------------------+----------------------+----------------------+


+------------------------------------------+
; Parallel Compilation                     ;
+----------------------------+-------------+
; Processors                 ; Number      ;
+----------------------------+-------------+
; Number detected on machine ; 8           ;
; Maximum allowed            ; 4           ;
;                            ;             ;
; Average used               ; 1.00        ;
; Maximum used               ; 4           ;
;                            ;             ;
; Usage by Processor         ; % Time Used ;
;     Processor 1            ; 100.0%      ;
;     Processors 2-4         ;   0.0%      ;
+----------------------------+-------------+


+--------------------------------------------------------------------------------------------------------------------------------------------------------------+
; Analysis & Synthesis Source Files Read                                                                                                                       ;
+----------------------------------+-----------------+------------------------------+----------------------------------------------------------------+---------+
; File Name with User-Entered Path ; Used in Netlist ; File Type                    ; File Name with Absolute Path                                   ; Library ;
+----------------------------------+-----------------+------------------------------+----------------------------------------------------------------+---------+
; display.sv                       ; yes             ; User SystemVerilog HDL File  ; C:/Users/KIRUHA/Documents/fpga/display.sv                      ;         ;
; dynamic_arbiter_demo.sv          ; yes             ; User SystemVerilog HDL File  ; C:/Users/KIRUHA/Documents/fpga/dynamic_arbiter_demo.sv         ;         ;
; rra.sv                           ; yes             ; User SystemVerilog HDL File  ; C:/Users/KIRUHA/Documents/fpga/rra.sv                          ;         ;
; dynamic_priority_arbiter_rra.sv  ; yes             ; User SystemVerilog HDL File  ; C:/Users/KIRUHA/Documents/fpga/dynamic_priority_arbiter_rra.sv ;         ;
; slow_arbiter.sv                  ; yes             ; User SystemVerilog HDL File  ; C:/Users/KIRUHA/Documents/fpga/slow_arbiter.sv                 ;         ;
+----------------------------------+-----------------+------------------------------+----------------------------------------------------------------+---------+


+---------------------------------------------------------+
; Analysis & Synthesis Resource Usage Summary             ;
+---------------------------------------------+-----------+
; Resource                                    ; Usage     ;
+---------------------------------------------+-----------+
; Estimated Total logic elements              ; 112       ;
;                                             ;           ;
; Total combinational functions               ; 112       ;
; Logic element usage by number of LUT inputs ;           ;
;     -- 4 input functions                    ; 51        ;
;     -- 3 input functions                    ; 16        ;
;     -- <=2 input functions                  ; 45        ;
;                                             ;           ;
; Logic elements by mode                      ;           ;
;     -- normal mode                          ; 74        ;
;     -- arithmetic mode                      ; 38        ;
;                                             ;           ;
; Total registers                             ; 53        ;
;     -- Dedicated logic registers            ; 53        ;
;     -- I/O registers                        ; 0         ;
;                                             ;           ;
; I/O pins                                    ; 26        ;
;                                             ;           ;
; Embedded Multiplier 9-bit elements          ; 0         ;
;                                             ;           ;
; Maximum fan-out node                        ; clk~input ;
; Maximum fan-out                             ; 53        ;
; Total fan-out                               ; 538       ;
; Average fan-out                             ; 2.48      ;
+---------------------------------------------+-----------+


+------------------------------------------------------------------------------------------------------------------------------------------------------------------------------------------------------------------------------------------------------------------------------------------------------+
; Analysis & Synthesis Resource Utilization by Entity                                                                                                                                                                                                                                                  ;
+-------------------------------------------+---------------------+---------------------------+-------------+--------------+---------+-----------+------+--------------+---------------------------------------------------------------------------------+------------------------------+--------------+
; Compilation Hierarchy Node                ; Combinational ALUTs ; Dedicated Logic Registers ; Memory Bits ; DSP Elements ; DSP 9x9 ; DSP 18x18 ; Pins ; Virtual Pins ; Full Hierarchy Name                                                             ; Entity Name                  ; Library Name ;
+-------------------------------------------+---------------------+---------------------------+-------------+--------------+---------+-----------+------+--------------+---------------------------------------------------------------------------------+------------------------------+--------------+
; |dynamic_arbiter_demo                     ; 112 (0)             ; 53 (0)                    ; 0           ; 0            ; 0       ; 0         ; 26   ; 0            ; |dynamic_arbiter_demo                                                           ; dynamic_arbiter_demo         ; work         ;
;    |display:d|                            ; 38 (38)             ; 23 (23)                   ; 0           ; 0            ; 0       ; 0         ; 0    ; 0            ; |dynamic_arbiter_demo|display:d                                                 ; display                      ; work         ;
;    |slow_arbiter:sa|                      ; 74 (31)             ; 30 (24)                   ; 0           ; 0            ; 0       ; 0         ; 0    ; 0            ; |dynamic_arbiter_demo|slow_arbiter:sa                                           ; slow_arbiter                 ; work         ;
;       |dynamic_priority_arbiter_rra:dpar| ; 43 (1)              ; 6 (0)                     ; 0           ; 0            ; 0       ; 0         ; 0    ; 0            ; |dynamic_arbiter_demo|slow_arbiter:sa|dynamic_priority_arbiter_rra:dpar         ; dynamic_priority_arbiter_rra ; work         ;
;          |rra:RRA|                        ; 42 (42)             ; 6 (6)                     ; 0           ; 0            ; 0       ; 0         ; 0    ; 0            ; |dynamic_arbiter_demo|slow_arbiter:sa|dynamic_priority_arbiter_rra:dpar|rra:RRA ; rra                          ; work         ;
+-------------------------------------------+---------------------+---------------------------+-------------+--------------+---------+-----------+------+--------------+---------------------------------------------------------------------------------+------------------------------+--------------+
Note: For table entries with two numbers listed, the numbers in parentheses indicate the number of resources of the given type used by the specific entity alone. The numbers listed outside of parentheses indicate the total resources of the given type used by the specific entity and all of its sub-entities in the hierarchy.


+------------------------------------------------------+
; General Register Statistics                          ;
+----------------------------------------------+-------+
; Statistic                                    ; Value ;
+----------------------------------------------+-------+
; Total registers                              ; 53    ;
; Number of registers using Synchronous Clear  ; 45    ;
; Number of registers using Synchronous Load   ; 0     ;
; Number of registers using Asynchronous Clear ; 0     ;
; Number of registers using Asynchronous Load  ; 0     ;
; Number of registers using Clock Enable       ; 5     ;
; Number of registers using Preset             ; 0     ;
+----------------------------------------------+-------+


+--------------------------------------------------------------------------------------------------------------------------------------------------------------------------------------------------------------+
; Multiplexer Restructuring Statistics (Restructuring Performed)                                                                                                                                               ;
+--------------------+-----------+---------------+----------------------+------------------------+------------+------------------------------------------------------------------------------------------------+
; Multiplexer Inputs ; Bus Width ; Baseline Area ; Area if Restructured ; Saving if Restructured ; Registered ; Example Multiplexer Output                                                                     ;
+--------------------+-----------+---------------+----------------------+------------------------+------------+------------------------------------------------------------------------------------------------+
; 3:1                ; 3 bits    ; 6 LEs         ; 3 LEs                ; 3 LEs                  ; Yes        ; |dynamic_arbiter_demo|slow_arbiter:sa|dynamic_priority_arbiter_rra:dpar|rra:RRA|pointer_reg[2] ;
; 74:1               ; 3 bits    ; 147 LEs       ; 129 LEs              ; 18 LEs                 ; Yes        ; |dynamic_arbiter_demo|slow_arbiter:sa|dynamic_priority_arbiter_rra:dpar|rra:RRA|grant_reg[2]   ;
+--------------------+-----------+---------------+----------------------+------------------------+------------+------------------------------------------------------------------------------------------------+


+--------------------------------------------------------------+
; Parameter Settings for User Entity Instance: slow_arbiter:sa ;
+----------------+-------+-------------------------------------+
; Parameter Name ; Value ; Type                                ;
+----------------+-------+-------------------------------------+
; N              ; 8     ; Signed Integer                      ;
; LN             ; 3     ; Signed Integer                      ;
+----------------+-------+-------------------------------------+
Note: In order to hide this table in the UI and the text report file, please set the "Show Parameter Settings in Synthesis Report" option in "Analysis and Synthesis Settings -> More Settings" to "Off".


+------------------------------------------------------------------------------------------------+
; Parameter Settings for User Entity Instance: slow_arbiter:sa|dynamic_priority_arbiter_rra:dpar ;
+----------------+-------+-----------------------------------------------------------------------+
; Parameter Name ; Value ; Type                                                                  ;
+----------------+-------+-----------------------------------------------------------------------+
; N              ; 8     ; Signed Integer                                                        ;
; LN             ; 3     ; Signed Integer                                                        ;
+----------------+-------+-----------------------------------------------------------------------+
Note: In order to hide this table in the UI and the text report file, please set the "Show Parameter Settings in Synthesis Report" option in "Analysis and Synthesis Settings -> More Settings" to "Off".


+--------------------------------------------------------------------------------------------------------+
; Parameter Settings for User Entity Instance: slow_arbiter:sa|dynamic_priority_arbiter_rra:dpar|rra:RRA ;
+----------------+-------+-------------------------------------------------------------------------------+
; Parameter Name ; Value ; Type                                                                          ;
+----------------+-------+-------------------------------------------------------------------------------+
; N              ; 8     ; Signed Integer                                                                ;
; LN             ; 3     ; Signed Integer                                                                ;
+----------------+-------+-------------------------------------------------------------------------------+
Note: In order to hide this table in the UI and the text report file, please set the "Show Parameter Settings in Synthesis Report" option in "Analysis and Synthesis Settings -> More Settings" to "Off".


+------------------------------------------------------------------------------------------------------------------------+
; Port Connectivity Checks: "slow_arbiter:sa"                                                                            ;
+--------------+--------+----------+-------------------------------------------------------------------------------------+
; Port         ; Type   ; Severity ; Details                                                                             ;
+--------------+--------+----------+-------------------------------------------------------------------------------------+
; prt[7]       ; Input  ; Info     ; Stuck at VCC                                                                        ;
; prt[6][2]    ; Input  ; Info     ; Stuck at VCC                                                                        ;
; prt[6][1]    ; Input  ; Info     ; Stuck at GND                                                                        ;
; prt[6][0]    ; Input  ; Info     ; Stuck at VCC                                                                        ;
; prt[5][1..0] ; Input  ; Info     ; Stuck at GND                                                                        ;
; prt[5][2]    ; Input  ; Info     ; Stuck at VCC                                                                        ;
; prt[4][2]    ; Input  ; Info     ; Stuck at VCC                                                                        ;
; prt[4][1]    ; Input  ; Info     ; Stuck at GND                                                                        ;
; prt[4][0]    ; Input  ; Info     ; Stuck at VCC                                                                        ;
; prt[3][2]    ; Input  ; Info     ; Stuck at VCC                                                                        ;
; prt[3][1]    ; Input  ; Info     ; Stuck at GND                                                                        ;
; prt[3][0]    ; Input  ; Info     ; Stuck at VCC                                                                        ;
; prt[2][2]    ; Input  ; Info     ; Stuck at GND                                                                        ;
; prt[2][1]    ; Input  ; Info     ; Stuck at VCC                                                                        ;
; prt[2][0]    ; Input  ; Info     ; Stuck at GND                                                                        ;
; prt[1]       ; Input  ; Info     ; Stuck at GND                                                                        ;
; prt[0][2]    ; Input  ; Info     ; Stuck at GND                                                                        ;
; prt[0][1]    ; Input  ; Info     ; Stuck at VCC                                                                        ;
; prt[0][0]    ; Input  ; Info     ; Stuck at GND                                                                        ;
; valid        ; Output ; Info     ; Connected to dangling logic. Logic that only feeds a dangling port will be removed. ;
+--------------+--------+----------+-------------------------------------------------------------------------------------+


+---------------------------------------------------+
; Port Connectivity Checks: "display:d"             ;
+-----------------+-------+----------+--------------+
; Port            ; Type  ; Severity ; Details      ;
+-----------------+-------+----------+--------------+
; digits[7][2..0] ; Input ; Info     ; Stuck at VCC ;
; digits[7][3]    ; Input ; Info     ; Stuck at GND ;
; digits[6][3]    ; Input ; Info     ; Stuck at GND ;
; digits[6][2]    ; Input ; Info     ; Stuck at VCC ;
; digits[6][1]    ; Input ; Info     ; Stuck at GND ;
; digits[6][0]    ; Input ; Info     ; Stuck at VCC ;
; digits[5][1..0] ; Input ; Info     ; Stuck at GND ;
; digits[5][3]    ; Input ; Info     ; Stuck at GND ;
; digits[5][2]    ; Input ; Info     ; Stuck at VCC ;
; digits[4][3]    ; Input ; Info     ; Stuck at GND ;
; digits[4][2]    ; Input ; Info     ; Stuck at VCC ;
; digits[4][1]    ; Input ; Info     ; Stuck at GND ;
; digits[4][0]    ; Input ; Info     ; Stuck at VCC ;
; digits[3][3]    ; Input ; Info     ; Stuck at GND ;
; digits[3][2]    ; Input ; Info     ; Stuck at VCC ;
; digits[3][1]    ; Input ; Info     ; Stuck at GND ;
; digits[3][0]    ; Input ; Info     ; Stuck at VCC ;
; digits[2][3..2] ; Input ; Info     ; Stuck at GND ;
; digits[2][1]    ; Input ; Info     ; Stuck at VCC ;
; digits[2][0]    ; Input ; Info     ; Stuck at GND ;
; digits[1]       ; Input ; Info     ; Stuck at GND ;
; digits[0][3..2] ; Input ; Info     ; Stuck at GND ;
; digits[0][1]    ; Input ; Info     ; Stuck at VCC ;
; digits[0][0]    ; Input ; Info     ; Stuck at GND ;
+-----------------+-------+----------+--------------+


+-----------------------------------------------------+
; Post-Synthesis Netlist Statistics for Top Partition ;
+-----------------------+-----------------------------+
; Type                  ; Count                       ;
+-----------------------+-----------------------------+
; boundary_port         ; 26                          ;
; cycloneiii_ff         ; 53                          ;
;     ENA SCLR          ; 5                           ;
;     SCLR              ; 40                          ;
;     plain             ; 8                           ;
; cycloneiii_lcell_comb ; 124                         ;
;     arith             ; 38                          ;
;         2 data inputs ; 38                          ;
;     normal            ; 86                          ;
;         1 data inputs ; 14                          ;
;         2 data inputs ; 5                           ;
;         3 data inputs ; 16                          ;
;         4 data inputs ; 51                          ;
;                       ;                             ;
; Max LUT depth         ; 6.00                        ;
; Average LUT depth     ; 3.11                        ;
+-----------------------+-----------------------------+


+-------------------------------+
; Elapsed Time Per Partition    ;
+----------------+--------------+
; Partition Name ; Elapsed Time ;
+----------------+--------------+
; Top            ; 00:00:00     ;
+----------------+--------------+


+-------------------------------+
; Analysis & Synthesis Messages ;
+-------------------------------+
Info: *******************************************************************
Info: Running Quartus Prime Analysis & Synthesis
    Info: Version 20.1.1 Build 720 11/11/2020 SJ Lite Edition
    Info: Processing started: Wed Apr 07 20:08:32 2021
Info: Command: quartus_map --read_settings_files=on --write_settings_files=off dynamic_arbiter_demo -c dynamic_arbiter_demo
Warning (18236): Number of processors has not been specified which may cause overloading on shared machines.  Set the global assignment NUM_PARALLEL_PROCESSORS in your QSF to an appropriate value for best performance.
Info (20030): Parallel compilation is enabled and will use 4 of the 4 processors detected
Info (12021): Found 1 design units, including 1 entities, in source file display.sv
    Info (12023): Found entity 1: display File: C:/Users/KIRUHA/Documents/fpga/display.sv Line: 1
Warning (10275): Verilog HDL Module Instantiation warning at dynamic_arbiter_demo.sv(33): ignored dangling comma in List of Port Connections File: C:/Users/KIRUHA/Documents/fpga/dynamic_arbiter_demo.sv Line: 33
Info (12021): Found 1 design units, including 1 entities, in source file dynamic_arbiter_demo.sv
    Info (12023): Found entity 1: dynamic_arbiter_demo File: C:/Users/KIRUHA/Documents/fpga/dynamic_arbiter_demo.sv Line: 1
Info (12021): Found 1 design units, including 1 entities, in source file linear_dynamic_priority_arbiter.sv
    Info (12023): Found entity 1: linear_dynamic_priority_arbiter File: C:/Users/KIRUHA/Documents/fpga/linear_dynamic_priority_arbiter.sv Line: 1
Info (12021): Found 1 design units, including 1 entities, in source file rra.sv
    Info (12023): Found entity 1: rra File: C:/Users/KIRUHA/Documents/fpga/rra.sv Line: 1
Info (12021): Found 1 design units, including 1 entities, in source file dynamic_priority_arbiter_rra.sv
    Info (12023): Found entity 1: dynamic_priority_arbiter_rra File: C:/Users/KIRUHA/Documents/fpga/dynamic_priority_arbiter_rra.sv Line: 1
Info (12021): Found 1 design units, including 1 entities, in source file slow_arbiter.sv
    Info (12023): Found entity 1: slow_arbiter File: C:/Users/KIRUHA/Documents/fpga/slow_arbiter.sv Line: 1
Info (12127): Elaborating entity "dynamic_arbiter_demo" for the top level hierarchy
Info (12128): Elaborating entity "display" for hierarchy "display:d" File: C:/Users/KIRUHA/Documents/fpga/dynamic_arbiter_demo.sv Line: 21
Warning (10230): Verilog HDL assignment warning at display.sv(32): truncated value with size 32 to match size of target (16) File: C:/Users/KIRUHA/Documents/fpga/display.sv Line: 32
Info (12128): Elaborating entity "slow_arbiter" for hierarchy "slow_arbiter:sa" File: C:/Users/KIRUHA/Documents/fpga/dynamic_arbiter_demo.sv Line: 33
Warning (10230): Verilog HDL assignment warning at slow_arbiter.sv(15): truncated value with size 32 to match size of target (24) File: C:/Users/KIRUHA/Documents/fpga/slow_arbiter.sv Line: 15
Info (12128): Elaborating entity "dynamic_priority_arbiter_rra" for hierarchy "slow_arbiter:sa|dynamic_priority_arbiter_rra:dpar" File: C:/Users/KIRUHA/Documents/fpga/slow_arbiter.sv Line: 28
Warning (10230): Verilog HDL assignment warning at dynamic_priority_arbiter_rra.sv(12): truncated value with size 32 to match size of target (3) File: C:/Users/KIRUHA/Documents/fpga/dynamic_priority_arbiter_rra.sv Line: 12
Info (12128): Elaborating entity "rra" for hierarchy "slow_arbiter:sa|dynamic_priority_arbiter_rra:dpar|rra:RRA" File: C:/Users/KIRUHA/Documents/fpga/dynamic_priority_arbiter_rra.sv Line: 35
Warning (10230): Verilog HDL assignment warning at rra.sv(22): truncated value with size 32 to match size of target (3) File: C:/Users/KIRUHA/Documents/fpga/rra.sv Line: 22
Info (286030): Timing-Driven Synthesis is running
Info (144001): Generated suppressed messages file C:/Users/KIRUHA/Documents/fpga/output_files/dynamic_arbiter_demo.map.smsg
Info (16010): Generating hard_block partition "hard_block:auto_generated_inst"
    Info (16011): Adding 0 node(s), including 0 DDIO, 0 PLL, 0 transceiver and 0 LCELL
Info (21057): Implemented 138 device resources after synthesis - the final resource count might be different
    Info (21058): Implemented 10 input pins
    Info (21059): Implemented 16 output pins
    Info (21061): Implemented 112 logic cells
Info: Quartus Prime Analysis & Synthesis was successful. 0 errors, 6 warnings
    Info: Peak virtual memory: 4757 megabytes
    Info: Processing ended: Wed Apr 07 20:08:41 2021
    Info: Elapsed time: 00:00:09
    Info: Total CPU time (on all processors): 00:00:21


+------------------------------------------+
; Analysis & Synthesis Suppressed Messages ;
+------------------------------------------+
The suppressed messages can be found in C:/Users/KIRUHA/Documents/fpga/output_files/dynamic_arbiter_demo.map.smsg.


